2025-01-06 19:29:04,638 - INFO - 
Question: What is the SQL query to select all columns from a table named 'users'?
SELECT * FROM users
2025-01-06 19:29:04,638 - INFO - 
Question: Write a SQL query to calculate the 'running total' of 'sales_amount' for each 'product_category' 
ensuring that the results are ordered by 'sale_date'? Return the 'product_category', 'sales_amount', and 'running_total' in the output.

SELECT 
    product_category,
    sales_amount,
    SUM(sales_amount) OVER (PARTITION BY product_category ORDER BY sale_date) AS running_total
FROM sales
2025-01-06 19:29:04,638 - INFO - 
Question: What is the SQL query to select all columns from a table named 'users'?
SELECT * FROM users
2025-01-06 19:29:04,638 - INFO - 
What is the SQL query to select all columns from orders where product is 'Laptop' and quantity is greater than or equal to 5?
SELECT * FROM orders WHERE product = 'Laptop' AND quantity >= 5
2025-01-06 19:29:04,638 - INFO - 
What is the SQL query to select all users and conditionally filter by user_age only if user_age is 18 or older?
SELECT * FROM users  WHERE age >= 18;
2025-01-06 19:29:04,638 - INFO - 
What is the SQL query to select orders where order_id is in a given list?
SELECT *
FROM orders
WHERE order_id IN (

    1234,
    5678,
    9012)
